<?xml version="1.0" encoding="UTF-8"?>
<!-- Generated by org.testng.reporters.JUnitXMLReporter -->
<testsuite hostname="user-PC" ignored="0" name="Default test(failed)" tests="1" failures="0" timestamp="26 Apr 2021 08:36:39 GMT" time="5.692" errors="0">
  <testcase name="@BeforeClass Setup" time="5.655" classname="com.bankingproject.testcases.Baseclass">
    <failure type="org.openqa.selenium.SessionNotCreatedException" message="session not created
from disconnected: received Inspector.detached event
  (Session info: chrome=90.0.4430.85)
Build info: version: &amp;apos;3.141.59&amp;apos;, revision: &amp;apos;e82be7d358&amp;apos;, time: &amp;apos;2018-11-14T08:17:03&amp;apos;
System info: host: &amp;apos;USER-PC&amp;apos;, ip: &amp;apos;192.168.11.197&amp;apos;, os.name: &amp;apos;Windows 7&amp;apos;, os.arch: &amp;apos;amd64&amp;apos;, os.version: &amp;apos;6.1&amp;apos;, java.version: &amp;apos;1.8.0_162&amp;apos;
Driver info: driver.version: ChromeDriver
remote stacktrace: Backtrace:
	Ordinal0 [0x011CE7D3+124883]
	Ordinal0 [0x011CE7B1+124849]
	GetHandleVerifier [0x01418688+193832]
	GetHandleVerifier [0x0140CB71+145937]
	GetHandleVerifier [0x0140C7F9+145049]
	GetHandleVerifier [0x0140BF7D+142877]
	GetHandleVerifier [0x0140B45E+140030]
	GetHandleVerifier [0x0140B6E6+140678]
	GetHandleVerifier [0x0140B025+138949]
	GetHandleVerifier [0x01414679+177433]
	GetHandleVerifier [0x0140AFE1+138881]
	GetHandleVerifier [0x0140BD62+142338]
	GetHandleVerifier [0x0140B45E+140030]
	GetHandleVerifier [0x0140B6E6+140678]
	GetHandleVerifier [0x0140B025+138949]
	GetHandleVerifier [0x01412A0A+170154]
	GetHandleVerifier [0x0140AFE1+138881]
	GetHandleVerifier [0x0140BD62+142338]
	GetHandleVerifier [0x0140B45E+140030]
	GetHandleVerifier [0x0140B6E6+140678]
	GetHandleVerifier [0x0140B025+138949]
	GetHandleVerifier [0x01410D69+162825]
	GetHandleVerifier [0x0140AFE1+138881]
	GetHandleVerifier [0x0140BD62+142338]
	GetHandleVerifier [0x0140B45E+140030]
	GetHandleVerifier [0x0140B6E6+140678]
	GetHandleVerifier [0x0140B025+138949]
	GetHandleVerifier [0x0141017C+159772]
	GetHandleVerifier [0x0140AFE1+138881]
	GetHandleVerifier [0x0140BD62+142338]
	GetHandleVerifier [0x0140B45E+140030]
	GetHandleVerifier [0x0140B6E6+140678]
	GetHandleVerifier [0x0140B025+138949]
	GetHandleVerifier [0x014076ED+124301]
	GetHandleVerifier [0x0140AFE1+138881]
	GetHandleVerifier [0x0140AE03+138403]
	GetHandleVerifier [0x0140ABF7+137879]
	GetHandleVerifier [0x01419930+198608]
	GetHandleVerifier [0x01455758+443896]
	GetHandleVerifier [0x014547FC+439964]
	GetHandleVerifier [0x0145154B+426987]
	GetHandleVerifier [0x01434FFD+310941]
	GetHandleVerifier [0x01435D8E+314414]
	GetHandleVerifier [0x01435D19+314297]
	GetHandleVerifier [0x014F31EC+1089676]
	GetHandleVerifier [0x014F17C9+1082985]
	GetHandleVerifier [0x014F13A3+1081923]
	GetHandleVerifier [0x015ED9FD+2115741]
	Ordinal0 [0x0131B82E+1488942]
	Ordinal0 [0x012B5A7D+1071741]
	Ordinal0 [0x012B559B+1070491]
	Ordinal0 [0x012B54B1+1070257]
	Ordinal0 [0x012EFF53+1310547]
	BaseThreadInitThunk [0x757C33CA+18]
	RtlInitializeExceptionChain [0x77C29ED2+99]
	RtlInitializeExceptionChain [0x77C29EA5+54]
">
      <![CDATA[org.openqa.selenium.SessionNotCreatedException: session not created
from disconnected: received Inspector.detached event
  (Session info: chrome=90.0.4430.85)
Build info: version: '3.141.59', revision: 'e82be7d358', time: '2018-11-14T08:17:03'
System info: host: 'USER-PC', ip: '192.168.11.197', os.name: 'Windows 7', os.arch: 'amd64', os.version: '6.1', java.version: '1.8.0_162'
Driver info: driver.version: ChromeDriver
remote stacktrace: Backtrace:
Ordinal0 [0x011CE7D3+124883]
Ordinal0 [0x011CE7B1+124849]
GetHandleVerifier [0x01418688+193832]
GetHandleVerifier [0x0140CB71+145937]
GetHandleVerifier [0x0140C7F9+145049]
GetHandleVerifier [0x0140BF7D+142877]
GetHandleVerifier [0x0140B45E+140030]
GetHandleVerifier [0x0140B6E6+140678]
GetHandleVerifier [0x0140B025+138949]
GetHandleVerifier [0x01414679+177433]
GetHandleVerifier [0x0140AFE1+138881]
GetHandleVerifier [0x0140BD62+142338]
GetHandleVerifier [0x0140B45E+140030]
GetHandleVerifier [0x0140B6E6+140678]
GetHandleVerifier [0x0140B025+138949]
GetHandleVerifier [0x01412A0A+170154]
GetHandleVerifier [0x0140AFE1+138881]
GetHandleVerifier [0x0140BD62+142338]
GetHandleVerifier [0x0140B45E+140030]
GetHandleVerifier [0x0140B6E6+140678]
GetHandleVerifier [0x0140B025+138949]
GetHandleVerifier [0x01410D69+162825]
GetHandleVerifier [0x0140AFE1+138881]
GetHandleVerifier [0x0140BD62+142338]
GetHandleVerifier [0x0140B45E+140030]
GetHandleVerifier [0x0140B6E6+140678]
GetHandleVerifier [0x0140B025+138949]
GetHandleVerifier [0x0141017C+159772]
GetHandleVerifier [0x0140AFE1+138881]
GetHandleVerifier [0x0140BD62+142338]
GetHandleVerifier [0x0140B45E+140030]
GetHandleVerifier [0x0140B6E6+140678]
GetHandleVerifier [0x0140B025+138949]
GetHandleVerifier [0x014076ED+124301]
GetHandleVerifier [0x0140AFE1+138881]
GetHandleVerifier [0x0140AE03+138403]
GetHandleVerifier [0x0140ABF7+137879]
GetHandleVerifier [0x01419930+198608]
GetHandleVerifier [0x01455758+443896]
GetHandleVerifier [0x014547FC+439964]
GetHandleVerifier [0x0145154B+426987]
GetHandleVerifier [0x01434FFD+310941]
GetHandleVerifier [0x01435D8E+314414]
GetHandleVerifier [0x01435D19+314297]
GetHandleVerifier [0x014F31EC+1089676]
GetHandleVerifier [0x014F17C9+1082985]
GetHandleVerifier [0x014F13A3+1081923]
GetHandleVerifier [0x015ED9FD+2115741]
Ordinal0 [0x0131B82E+1488942]
Ordinal0 [0x012B5A7D+1071741]
Ordinal0 [0x012B559B+1070491]
Ordinal0 [0x012B54B1+1070257]
Ordinal0 [0x012EFF53+1310547]
BaseThreadInitThunk [0x757C33CA+18]
RtlInitializeExceptionChain [0x77C29ED2+99]
RtlInitializeExceptionChain [0x77C29EA5+54]

at org.openqa.selenium.remote.W3CHandshakeResponse.lambda$errorHandler$0(W3CHandshakeResponse.java:62)
at org.openqa.selenium.remote.HandshakeResponse.lambda$getResponseFunction$0(HandshakeResponse.java:30)
at org.openqa.selenium.remote.ProtocolHandshake.lambda$createSession$0(ProtocolHandshake.java:126)
at java.util.stream.ReferencePipeline$3$1.accept(Unknown Source)
at java.util.Spliterators$ArraySpliterator.tryAdvance(Unknown Source)
at java.util.stream.ReferencePipeline.forEachWithCancel(Unknown Source)
at java.util.stream.AbstractPipeline.copyIntoWithCancel(Unknown Source)
at java.util.stream.AbstractPipeline.copyInto(Unknown Source)
at java.util.stream.AbstractPipeline.wrapAndCopyInto(Unknown Source)
at java.util.stream.FindOps$FindOp.evaluateSequential(Unknown Source)
at java.util.stream.AbstractPipeline.evaluate(Unknown Source)
at java.util.stream.ReferencePipeline.findFirst(Unknown Source)
at org.openqa.selenium.remote.ProtocolHandshake.createSession(ProtocolHandshake.java:128)
at org.openqa.selenium.remote.ProtocolHandshake.createSession(ProtocolHandshake.java:74)
at org.openqa.selenium.remote.HttpCommandExecutor.execute(HttpCommandExecutor.java:136)
at org.openqa.selenium.remote.service.DriverCommandExecutor.execute(DriverCommandExecutor.java:83)
at org.openqa.selenium.remote.RemoteWebDriver.execute(RemoteWebDriver.java:552)
at org.openqa.selenium.remote.RemoteWebDriver.startSession(RemoteWebDriver.java:213)
at org.openqa.selenium.remote.RemoteWebDriver.<init>(RemoteWebDriver.java:131)
at org.openqa.selenium.chrome.ChromeDriver.<init>(ChromeDriver.java:181)
at org.openqa.selenium.chrome.ChromeDriver.<init>(ChromeDriver.java:168)
at org.openqa.selenium.chrome.ChromeDriver.<init>(ChromeDriver.java:123)
at com.bankingproject.testcases.Baseclass.Setup(Baseclass.java:28)
... Removed 30 stack frames]]>
    </failure>
  </testcase> <!-- @BeforeClass Setup -->
  <testcase name="@AfterClass Teardown" time="0.0" classname="com.bankingproject.testcases.Baseclass">
    <skipped/>
  </testcase> <!-- @AfterClass Teardown -->
  <testcase name="Logintest" time="0.0" classname="com.bankingproject.testcases.Tc_logintest_001">
    <skipped/>
  </testcase> <!-- Logintest -->
</testsuite> <!-- Default test(failed) -->
