<?xml version="1.0" encoding="UTF-8"?>
<testng-results skipped="0" failed="0" ignored="0" total="1" passed="1">
  <reporter-output>
  </reporter-output>
  <suite name="bankingproject" duration-ms="60285" started-at="2021-05-04T04:41:11Z" finished-at="2021-05-04T04:42:11Z">
    <groups>
    </groups>
    <test name="banking app Test" duration-ms="60285" started-at="2021-05-04T04:41:11Z" finished-at="2021-05-04T04:42:11Z">
      <class name="com.bankingproject.testcases.TC_AddCustomerTest_003">
        <test-method status="PASS" signature="Setup()[pri:0, instance:com.bankingproject.testcases.TC_AddCustomerTest_003@36d4b5c]" name="Setup" is-config="true" duration-ms="26172" started-at="2021-05-04T04:41:11Z" finished-at="2021-05-04T04:41:37Z">
          <reporter-output>
          </reporter-output>
        </test-method> <!-- Setup -->
        <test-method status="PASS" signature="addNewcustomer()[pri:0, instance:com.bankingproject.testcases.TC_AddCustomerTest_003@36d4b5c]" name="addNewcustomer" duration-ms="32250" started-at="2021-05-04T04:41:37Z" finished-at="2021-05-04T04:42:09Z">
          <reporter-output>
          </reporter-output>
        </test-method> <!-- addNewcustomer -->
        <test-method status="PASS" signature="Teardown()[pri:0, instance:com.bankingproject.testcases.TC_AddCustomerTest_003@36d4b5c]" name="Teardown" is-config="true" duration-ms="1835" started-at="2021-05-04T04:42:09Z" finished-at="2021-05-04T04:42:11Z">
          <reporter-output>
          </reporter-output>
        </test-method> <!-- Teardown -->
      </class> <!-- com.bankingproject.testcases.TC_AddCustomerTest_003 -->
    </test> <!-- banking app Test -->
  </suite> <!-- bankingproject -->
</testng-results>
